[debug] [2020-06-30T06:48:18.413Z] ----------------------------------------------------------------------
[debug] [2020-06-30T06:48:18.415Z] Command:       C:\Program Files\nodejs\node.exe C:\Users\1209a\AppData\Roaming\npm\node_modules\firebase-tools\lib\bin\firebase.js init
[debug] [2020-06-30T06:48:18.415Z] CLI Version:   8.4.3
[debug] [2020-06-30T06:48:18.415Z] Platform:      win32
[debug] [2020-06-30T06:48:18.415Z] Node Version:  v12.18.1
[debug] [2020-06-30T06:48:18.416Z] Time:          Tue Jun 30 2020 08:48:18 GMT+0200 (GMT+02:00)
[debug] [2020-06-30T06:48:18.417Z] ----------------------------------------------------------------------
[debug] [2020-06-30T06:48:18.417Z] 
[debug] [2020-06-30T06:48:18.425Z] > command requires scopes: ["email","openid","https://www.googleapis.com/auth/cloudplatformprojects.readonly","https://www.googleapis.com/auth/firebase","https://www.googleapis.com/auth/cloud-platform"]
[debug] [2020-06-30T06:48:18.425Z] > authorizing via signed-in user
[info] 
     ######## #### ########  ######## ########     ###     ######  ########
     ##        ##  ##     ## ##       ##     ##  ##   ##  ##       ##
     ######    ##  ########  ######   ########  #########  ######  ######
     ##        ##  ##    ##  ##       ##     ## ##     ##       ## ##
     ##       #### ##     ## ######## ########  ##     ##  ######  ########

You're about to initialize a Firebase project in this directory:

  C:\Users\1209a\OneDrive\Desktop\Schule\Webt

[info] 
=== Project Setup
[info] 
[info] First, let's associate this project directory with a Firebase project.
[info] You can create multiple project aliases by running firebase use --add, 
[info] but for now we'll just set up a default project.
[info] 
[debug] [2020-06-30T06:48:27.698Z] >>> HTTP REQUEST GET https://firebase.googleapis.com/v1beta1/projects?pageSize=100  
 
[debug] [2020-06-30T06:48:28.237Z] <<< HTTP RESPONSE 200 {"content-type":"application/json; charset=UTF-8","vary":"X-Origin, Referer, Origin,Accept-Encoding","date":"Tue, 30 Jun 2020 06:48:29 GMT","server":"ESF","cache-control":"private","x-xss-protection":"0","x-frame-options":"SAMEORIGIN","x-content-type-options":"nosniff","alt-svc":"h3-27=\":443\"; ma=2592000,h3-25=\":443\"; ma=2592000,h3-T050=\":443\"; ma=2592000,h3-Q050=\":443\"; ma=2592000,h3-Q046=\":443\"; ma=2592000,h3-Q043=\":443\"; ma=2592000,quic=\":443\"; ma=2592000; v=\"46,43\"","accept-ranges":"none","transfer-encoding":"chunked"}
[info] i  Using project fir-hosting-website-1f9a6 (firebase-hosting-website) 
[info] 
=== Hosting Setup
[info] 
[info] Your public directory is the folder (relative to your project directory) that
[info] will contain Hosting assets to be uploaded with firebase deploy. If you
[info] have a build process for your assets, use your build's output directory.
[info] 
